<?xml version="1.0" encoding="UTF-8"?>
<!-- Generated by org.testng.reporters.JUnitReportReporter -->
<testsuite hostname="TYSS-Lavanya-Sasikumar" failures="0" tests="1" name="cart.ExtentReport" time="0.621" errors="0" timestamp="2023-12-15T10:14:50 IST" skipped="0">
  <testcase classname="cart.ExtentReport" name="demo" time="0.621"/>
  <system-out/>
</testsuite> <!-- cart.ExtentReport -->
