<?xml version="1.0" encoding="UTF-8"?>
<!-- Generated by org.testng.reporters.JUnitReportReporter -->
<testsuite hostname="TYSS-Lavanya-Sasikumar" failures="0" tests="1" name="cart.AddScreenshotsExtendedReports" time="6.739" errors="0" timestamp="2023-12-15T10:57:28 IST" skipped="0">
  <testcase classname="cart.AddScreenshotsExtendedReports" name="screenshot" time="6.739"/>
  <system-out/>
</testsuite> <!-- cart.AddScreenshotsExtendedReports -->
