<?xml version="1.0" encoding="UTF-8"?>
<!-- Generated by org.testng.reporters.JUnitReportReporter -->
<testsuite hostname="TYSS-Lavanya-Sasikumar" failures="0" tests="1" name="cart.TestCase_Test" time="0.016" errors="0" timestamp="2023-12-14T10:08:33 IST" skipped="0">
  <testcase classname="cart.TestCase_Test" name="demo" time="0.016"/>
  <system-out>
    <![CDATA[Sucess]]>
  </system-out>
</testsuite> <!-- cart.TestCase_Test -->
