<?xml version="1.0" encoding="UTF-8"?>
<!-- Generated by org.testng.reporters.JUnitReportReporter -->
<testsuite hostname="TYSS-Lavanya-Sasikumar" failures="0" tests="1" name="compaines.FlipkartTest" time="3.492" errors="0" timestamp="2023-12-14T11:59:21 IST" skipped="0">
  <testcase classname="compaines.FlipkartTest" name="launchFlipkart" time="3.492"/>
  <system-out>
    <![CDATA[flipkart launched]]>
  </system-out>
</testsuite> <!-- compaines.FlipkartTest -->
