<?xml version="1.0" encoding="UTF-8"?>
<!-- Generated by org.testng.reporters.JUnitReportReporter -->
<testsuite hostname="TYSS-Lavanya-Sasikumar" failures="0" tests="1" name="register.Login" time="2.245" errors="0" timestamp="2023-12-15T12:56:44 IST" skipped="0">
  <testcase classname="register.Login" name="loginTest" time="2.245"/>
  <system-out/>
</testsuite> <!-- register.Login -->
