<?xml version="1.0" encoding="UTF-8"?>
<!-- Generated by org.testng.reporters.JUnitReportReporter -->
<testsuite hostname="TYSS-Lavanya-Sasikumar" failures="0" tests="1" name="login.DemoWebLogin" time="5.269" errors="0" timestamp="2023-12-14T13:30:30 IST" skipped="0">
  <testcase classname="login.DemoWebLogin" name="receiveData" time="5.269"/>
  <system-out>
    <![CDATA[maven parameter]]>
  </system-out>
</testsuite> <!-- login.DemoWebLogin -->
