<?xml version="1.0" encoding="UTF-8"?>
<!-- Generated by org.testng.reporters.JUnitReportReporter -->
<testsuite hostname="TYSS-Lavanya-Sasikumar" failures="0" tests="1" name="compaines.AmazonTest" time="3.547" errors="0" timestamp="2023-12-17T15:34:31 IST" skipped="0">
  <testcase classname="compaines.AmazonTest" name="launchAmazon" time="3.547"/>
  <system-out>
    <![CDATA[Amazon launched]]>
  </system-out>
</testsuite> <!-- compaines.AmazonTest -->
