<?xml version="1.0" encoding="UTF-8"?>
<!-- Generated by org.testng.reporters.JUnitReportReporter -->
<testsuite hostname="TYSS-Lavanya-Sasikumar" failures="0" tests="2" name="login.launchingAppInVariousPlatformThroughInputFromCommandPrompt" time="8.627" errors="0" timestamp="2023-12-17T16:00:25 IST" skipped="0">
  <testcase classname="login.launchingAppInVariousPlatformThroughInputFromCommandPrompt" name="receiveData" time="5.445"/>
  <system-out/>
  <testcase classname="login.launchingAppInVariousPlatformThroughInputFromCommandPrompt" name="receiveData" time="3.182"/>
  <system-out/>
</testsuite> <!-- login.launchingAppInVariousPlatformThroughInputFromCommandPrompt -->
