<?xml version="1.0" encoding="UTF-8"?>
<!-- Generated by org.testng.reporters.JUnitReportReporter -->
<testsuite hostname="TYSS-Lavanya-Sasikumar" failures="0" tests="1" name="login.MavenParametertest" time="4.058" errors="0" timestamp="2023-12-17T15:36:29 IST" skipped="0">
  <testcase classname="login.MavenParametertest" name="receiveData" time="4.058"/>
  <system-out>
    <![CDATA[maven parameter]]>
  </system-out>
</testsuite> <!-- login.MavenParametertest -->
