<?xml version="1.0" encoding="UTF-8"?>
<!-- Generated by org.testng.reporters.JUnitReportReporter -->
<testsuite hostname="TYSS-Lavanya-Sasikumar" failures="0" tests="1" name="cart.TC_DWS_003" time="0.006" errors="0" timestamp="2023-12-17T15:32:24 IST" skipped="0">
  <testcase classname="cart.TC_DWS_003" name="demo" time="0.006"/>
  <system-out>
    <![CDATA[Sucess]]>
  </system-out>
</testsuite> <!-- cart.TC_DWS_003 -->
